[0.006s] Invoking command in '/home/varshitha/simple-hello-world-node-varshithapoli/build/ros2_hello_world': CMAKE_PREFIX_PATH=${CMAKE_PREFIX_PATH}:/opt/ros/jazzy /usr/bin/cmake /home/varshitha/simple-hello-world-node-varshithapoli -DCMAKE_INSTALL_PREFIX=/home/varshitha/simple-hello-world-node-varshithapoli/install/ros2_hello_world
[0.137s] -- The C compiler identification is GNU 13.3.0
[0.227s] -- The CXX compiler identification is GNU 13.3.0
[0.245s] -- Detecting C compiler ABI info
[0.300s] -- Detecting C compiler ABI info - done
[0.306s] -- Check for working C compiler: /usr/bin/cc - skipped
[0.306s] -- Detecting C compile features
[0.307s] -- Detecting C compile features - done
[0.315s] -- Detecting CXX compiler ABI info
[0.374s] -- Detecting CXX compiler ABI info - done
[0.378s] -- Check for working CXX compiler: /usr/bin/c++ - skipped
[0.379s] -- Detecting CXX compile features
[0.379s] -- Detecting CXX compile features - done
[0.384s] -- Found ament_cmake: 2.5.4 (/opt/ros/jazzy/share/ament_cmake/cmake)
[0.487s] -- Found Python3: /usr/bin/python3 (found version "3.12.3") found components: Interpreter 
[0.584s] -- Found rclcpp: 28.1.13 (/opt/ros/jazzy/share/rclcpp/cmake)
[0.628s] -- Found rosidl_generator_c: 4.6.6 (/opt/ros/jazzy/share/rosidl_generator_c/cmake)
[0.640s] -- Found rosidl_generator_cpp: 4.6.6 (/opt/ros/jazzy/share/rosidl_generator_cpp/cmake)
[0.655s] -- Using all available rosidl_typesupport_c: rosidl_typesupport_fastrtps_c;rosidl_typesupport_introspection_c
[0.671s] -- Using all available rosidl_typesupport_cpp: rosidl_typesupport_fastrtps_cpp;rosidl_typesupport_introspection_cpp
[0.740s] -- Found rmw_implementation_cmake: 7.3.2 (/opt/ros/jazzy/share/rmw_implementation_cmake/cmake)
[0.743s] -- Found rmw_fastrtps_cpp: 8.4.3 (/opt/ros/jazzy/share/rmw_fastrtps_cpp/cmake)
[0.813s] -- Found OpenSSL: /usr/lib/x86_64-linux-gnu/libcrypto.so (found version "3.0.13")  
[0.828s] -- Found FastRTPS: /opt/ros/jazzy/include (Required is at least version "2.13") 
[0.844s] -- Using RMW implementation 'rmw_fastrtps_cpp' as default
[0.919s] -- Found ament_lint_auto: 0.17.3 (/opt/ros/jazzy/share/ament_lint_auto/cmake)
[1.010s] -- Added test 'copyright' to check source files copyright and LICENSE
[1.013s] -- Added test 'cppcheck' to perform static code analysis on C / C++ code
[1.013s] -- Configured cppcheck include dirs: 
[1.013s] -- Configured cppcheck exclude dirs and/or files: 
[1.017s] -- Added test 'cpplint' to check C / C++ code against the Google style
[1.017s] -- Configured cpplint exclude dirs and/or files: 
[1.019s] -- Added test 'lint_cmake' to check CMake code style
[1.023s] -- Added test 'uncrustify' to check C / C++ code style
[1.023s] -- Configured uncrustify additional arguments: 
[1.024s] -- Added test 'xmllint' to check XML markup files
[1.026s] -- Configuring done (1.0s)
[1.032s] -- Generating done (0.0s)
[1.035s] -- Build files have been written to: /home/varshitha/simple-hello-world-node-varshithapoli/build/ros2_hello_world
[1.042s] Invoked command in '/home/varshitha/simple-hello-world-node-varshithapoli/build/ros2_hello_world' returned '0': CMAKE_PREFIX_PATH=${CMAKE_PREFIX_PATH}:/opt/ros/jazzy /usr/bin/cmake /home/varshitha/simple-hello-world-node-varshithapoli -DCMAKE_INSTALL_PREFIX=/home/varshitha/simple-hello-world-node-varshithapoli/install/ros2_hello_world
[1.042s] Invoking command in '/home/varshitha/simple-hello-world-node-varshithapoli/build/ros2_hello_world': CMAKE_PREFIX_PATH=${CMAKE_PREFIX_PATH}:/opt/ros/jazzy /usr/bin/cmake --build /home/varshitha/simple-hello-world-node-varshithapoli/build/ros2_hello_world -- -j2 -l2
[1.071s] [ 50%] [32mBuilding CXX object CMakeFiles/hello_node.dir/src/hello_node.cpp.o[0m
[4.955s] [100%] [32m[1mLinking CXX executable hello_node[0m
[5.077s] [100%] Built target hello_node
[5.084s] Invoked command in '/home/varshitha/simple-hello-world-node-varshithapoli/build/ros2_hello_world' returned '0': CMAKE_PREFIX_PATH=${CMAKE_PREFIX_PATH}:/opt/ros/jazzy /usr/bin/cmake --build /home/varshitha/simple-hello-world-node-varshithapoli/build/ros2_hello_world -- -j2 -l2
[5.089s] Invoking command in '/home/varshitha/simple-hello-world-node-varshithapoli/build/ros2_hello_world': CMAKE_PREFIX_PATH=${CMAKE_PREFIX_PATH}:/opt/ros/jazzy /usr/bin/cmake --install /home/varshitha/simple-hello-world-node-varshithapoli/build/ros2_hello_world
[5.096s] -- Install configuration: ""
[5.096s] -- Installing: /home/varshitha/simple-hello-world-node-varshithapoli/install/ros2_hello_world/lib/ros2_hello_world/hello_node
[5.096s] -- Set non-toolchain portion of runtime path of "/home/varshitha/simple-hello-world-node-varshithapoli/install/ros2_hello_world/lib/ros2_hello_world/hello_node" to ""
[5.096s] -- Installing: /home/varshitha/simple-hello-world-node-varshithapoli/install/ros2_hello_world/share/ament_index/resource_index/package_run_dependencies/ros2_hello_world
[5.096s] -- Installing: /home/varshitha/simple-hello-world-node-varshithapoli/install/ros2_hello_world/share/ament_index/resource_index/parent_prefix_path/ros2_hello_world
[5.096s] -- Installing: /home/varshitha/simple-hello-world-node-varshithapoli/install/ros2_hello_world/share/ros2_hello_world/environment/ament_prefix_path.sh
[5.097s] -- Installing: /home/varshitha/simple-hello-world-node-varshithapoli/install/ros2_hello_world/share/ros2_hello_world/environment/ament_prefix_path.dsv
[5.097s] -- Installing: /home/varshitha/simple-hello-world-node-varshithapoli/install/ros2_hello_world/share/ros2_hello_world/environment/path.sh
[5.097s] -- Installing: /home/varshitha/simple-hello-world-node-varshithapoli/install/ros2_hello_world/share/ros2_hello_world/environment/path.dsv
[5.097s] -- Installing: /home/varshitha/simple-hello-world-node-varshithapoli/install/ros2_hello_world/share/ros2_hello_world/local_setup.bash
[5.097s] -- Installing: /home/varshitha/simple-hello-world-node-varshithapoli/install/ros2_hello_world/share/ros2_hello_world/local_setup.sh
[5.097s] -- Installing: /home/varshitha/simple-hello-world-node-varshithapoli/install/ros2_hello_world/share/ros2_hello_world/local_setup.zsh
[5.097s] -- Installing: /home/varshitha/simple-hello-world-node-varshithapoli/install/ros2_hello_world/share/ros2_hello_world/local_setup.dsv
[5.097s] -- Installing: /home/varshitha/simple-hello-world-node-varshithapoli/install/ros2_hello_world/share/ros2_hello_world/package.dsv
[5.097s] -- Installing: /home/varshitha/simple-hello-world-node-varshithapoli/install/ros2_hello_world/share/ament_index/resource_index/packages/ros2_hello_world
[5.097s] -- Installing: /home/varshitha/simple-hello-world-node-varshithapoli/install/ros2_hello_world/share/ros2_hello_world/cmake/ros2_hello_worldConfig.cmake
[5.097s] -- Installing: /home/varshitha/simple-hello-world-node-varshithapoli/install/ros2_hello_world/share/ros2_hello_world/cmake/ros2_hello_worldConfig-version.cmake
[5.097s] -- Installing: /home/varshitha/simple-hello-world-node-varshithapoli/install/ros2_hello_world/share/ros2_hello_world/package.xml
[5.098s] Invoked command in '/home/varshitha/simple-hello-world-node-varshithapoli/build/ros2_hello_world' returned '0': CMAKE_PREFIX_PATH=${CMAKE_PREFIX_PATH}:/opt/ros/jazzy /usr/bin/cmake --install /home/varshitha/simple-hello-world-node-varshithapoli/build/ros2_hello_world
